<?xml version="1.0" encoding="UTF-8"?>
<!-- Generated by org.testng.reporters.JUnitXMLReporter -->
<testsuite ignored="0" hostname="LAPTOP-34JQ347O" failures="1" tests="1" name="Test" time="30.591" errors="0" timestamp="2024-03-11T15:16:10 IST">
  <testcase classname="com.axisrooms.KnightsTemplar.report.PriceUpdateTest" name="priceUpdateTest" time="14.801">
    <failure type="org.openqa.selenium.NoSuchElementException" message="Cannot locate option with text: Standard Room
For documentation on this error, please visit: https://www.selenium.dev/documentation/webdriver/troubleshooting/errors#no-such-element-exception
Build info: version: &amp;apos;4.15.0&amp;apos;, revision: &amp;apos;1d14b5521b&amp;apos;
System info: os.name: &amp;apos;Windows 11&amp;apos;, os.arch: &amp;apos;amd64&amp;apos;, os.version: &amp;apos;10.0&amp;apos;, java.version: &amp;apos;17.0.9&amp;apos;
Driver info: driver.version: unknown">
      <![CDATA[org.openqa.selenium.NoSuchElementException: Cannot locate option with text: Standard Room
For documentation on this error, please visit: https://www.selenium.dev/documentation/webdriver/troubleshooting/errors#no-such-element-exception
Build info: version: '4.15.0', revision: '1d14b5521b'
System info: os.name: 'Windows 11', os.arch: 'amd64', os.version: '10.0', java.version: '17.0.9'
Driver info: driver.version: unknown
at org.openqa.selenium.support.ui.Select.selectByVisibleText(Select.java:153)
at com.axisrooms.KnightsTemplar.factories.ExplicitWaitFactory.selectValueByVisibleText(ExplicitWaitFactory.java:72)
at com.axisrooms.KnightsTemplar.reports.PriceUpdatePage.getRoomDropdown(PriceUpdatePage.java:86)
at com.axisrooms.KnightsTemplar.report.PriceUpdateTest.priceUpdateTest(PriceUpdateTest.java:46)
at java.base/java.util.ArrayList.forEach(ArrayList.java:1511)
... Removed 27 stack frames]]>
    </failure>
  </testcase> <!-- priceUpdateTest -->
</testsuite> <!-- Test -->
